Analysis & Synthesis report for MSSD
Sun Nov 03 21:22:54 2024
Quartus II 64-Bit Version 12.1 Build 177 11/07/2012 SJ Web Edition


---------------------
; Table of Contents ;
---------------------
  1. Legal Notice
  2. Analysis & Synthesis Summary
  3. Analysis & Synthesis Settings
  4. Parallel Compilation
  5. Analysis & Synthesis Source Files Read
  6. Analysis & Synthesis Resource Usage Summary
  7. Analysis & Synthesis Resource Utilization by Entity
  8. State Machine - |MSSD|OnePulser:onepulser|ps
  9. State Machine - |MSSD|Controller:controller|ps
 10. Registers Removed During Synthesis
 11. General Register Statistics
 12. Inverted Register Statistics
 13. Multiplexer Restructuring Statistics (Restructuring Performed)
 14. Parameter Settings for User Entity Instance: Controller:controller
 15. Parameter Settings for User Entity Instance: OnePulser:onepulser
 16. Port Connectivity Checks: "DataPath:datapath|DataNumShr:shrDataNum"
 17. Port Connectivity Checks: "DataPath:datapath"
 18. Elapsed Time Per Partition
 19. Analysis & Synthesis Messages



----------------
; Legal Notice ;
----------------
Copyright (C) 1991-2012 Altera Corporation
Your use of Altera Corporation's design tools, logic functions 
and other software and tools, and its AMPP partner logic 
functions, and any output files from any of the foregoing 
(including device programming or simulation files), and any 
associated documentation or information are expressly subject 
to the terms and conditions of the Altera Program License 
Subscription Agreement, Altera MegaCore Function License 
Agreement, or other applicable license agreement, including, 
without limitation, that your use is for the sole purpose of 
programming logic devices manufactured by Altera and sold by 
Altera or its authorized distributors.  Please refer to the 
applicable agreement for further details.



+-------------------------------------------------------------------------------+
; Analysis & Synthesis Summary                                                  ;
+------------------------------------+------------------------------------------+
; Analysis & Synthesis Status        ; Successful - Sun Nov 03 21:22:54 2024    ;
; Quartus II 64-Bit Version          ; 12.1 Build 177 11/07/2012 SJ Web Edition ;
; Revision Name                      ; MSSD                                     ;
; Top-level Entity Name              ; MSSD                                     ;
; Family                             ; Cyclone II                               ;
; Total logic elements               ; 44                                       ;
;     Total combinational functions  ; 43                                       ;
;     Dedicated logic registers      ; 19                                       ;
; Total registers                    ; 19                                       ;
; Total pins                         ; 17                                       ;
; Total virtual pins                 ; 0                                        ;
; Total memory bits                  ; 0                                        ;
; Embedded Multiplier 9-bit elements ; 0                                        ;
; Total PLLs                         ; 0                                        ;
+------------------------------------+------------------------------------------+


+----------------------------------------------------------------------------------------------------------------------+
; Analysis & Synthesis Settings                                                                                        ;
+----------------------------------------------------------------------------+--------------------+--------------------+
; Option                                                                     ; Setting            ; Default Value      ;
+----------------------------------------------------------------------------+--------------------+--------------------+
; Device                                                                     ; EP2C20F484C7       ;                    ;
; Top-level entity name                                                      ; MSSD               ; MSSD               ;
; Family name                                                                ; Cyclone II         ; Cyclone IV GX      ;
; Use smart compilation                                                      ; Off                ; Off                ;
; Enable parallel Assembler and TimeQuest Timing Analyzer during compilation ; On                 ; On                 ;
; Enable compact report table                                                ; Off                ; Off                ;
; Restructure Multiplexers                                                   ; Auto               ; Auto               ;
; Create Debugging Nodes for IP Cores                                        ; Off                ; Off                ;
; Preserve fewer node names                                                  ; On                 ; On                 ;
; Disable OpenCore Plus hardware evaluation                                  ; Off                ; Off                ;
; Verilog Version                                                            ; Verilog_2001       ; Verilog_2001       ;
; VHDL Version                                                               ; VHDL_1993          ; VHDL_1993          ;
; State Machine Processing                                                   ; Auto               ; Auto               ;
; Safe State Machine                                                         ; Off                ; Off                ;
; Extract Verilog State Machines                                             ; On                 ; On                 ;
; Extract VHDL State Machines                                                ; On                 ; On                 ;
; Ignore Verilog initial constructs                                          ; Off                ; Off                ;
; Iteration limit for constant Verilog loops                                 ; 5000               ; 5000               ;
; Iteration limit for non-constant Verilog loops                             ; 250                ; 250                ;
; Add Pass-Through Logic to Inferred RAMs                                    ; On                 ; On                 ;
; Infer RAMs from Raw Logic                                                  ; On                 ; On                 ;
; Parallel Synthesis                                                         ; On                 ; On                 ;
; DSP Block Balancing                                                        ; Auto               ; Auto               ;
; NOT Gate Push-Back                                                         ; On                 ; On                 ;
; Power-Up Don't Care                                                        ; On                 ; On                 ;
; Remove Redundant Logic Cells                                               ; Off                ; Off                ;
; Remove Duplicate Registers                                                 ; On                 ; On                 ;
; Ignore CARRY Buffers                                                       ; Off                ; Off                ;
; Ignore CASCADE Buffers                                                     ; Off                ; Off                ;
; Ignore GLOBAL Buffers                                                      ; Off                ; Off                ;
; Ignore ROW GLOBAL Buffers                                                  ; Off                ; Off                ;
; Ignore LCELL Buffers                                                       ; Off                ; Off                ;
; Ignore SOFT Buffers                                                        ; On                 ; On                 ;
; Limit AHDL Integers to 32 Bits                                             ; Off                ; Off                ;
; Optimization Technique                                                     ; Balanced           ; Balanced           ;
; Carry Chain Length                                                         ; 70                 ; 70                 ;
; Auto Carry Chains                                                          ; On                 ; On                 ;
; Auto Open-Drain Pins                                                       ; On                 ; On                 ;
; Perform WYSIWYG Primitive Resynthesis                                      ; Off                ; Off                ;
; Auto ROM Replacement                                                       ; On                 ; On                 ;
; Auto RAM Replacement                                                       ; On                 ; On                 ;
; Auto Shift Register Replacement                                            ; Auto               ; Auto               ;
; Allow Shift Register Merging across Hierarchies                            ; Auto               ; Auto               ;
; Auto Clock Enable Replacement                                              ; On                 ; On                 ;
; Strict RAM Replacement                                                     ; Off                ; Off                ;
; Allow Synchronous Control Signals                                          ; On                 ; On                 ;
; Force Use of Synchronous Clear Signals                                     ; Off                ; Off                ;
; Auto RAM to Logic Cell Conversion                                          ; Off                ; Off                ;
; Auto Resource Sharing                                                      ; Off                ; Off                ;
; Allow Any RAM Size For Recognition                                         ; Off                ; Off                ;
; Allow Any ROM Size For Recognition                                         ; Off                ; Off                ;
; Allow Any Shift Register Size For Recognition                              ; Off                ; Off                ;
; Use LogicLock Constraints during Resource Balancing                        ; On                 ; On                 ;
; Ignore translate_off and synthesis_off directives                          ; Off                ; Off                ;
; Timing-Driven Synthesis                                                    ; Off                ; Off                ;
; Report Parameter Settings                                                  ; On                 ; On                 ;
; Report Source Assignments                                                  ; On                 ; On                 ;
; Report Connectivity Checks                                                 ; On                 ; On                 ;
; Ignore Maximum Fan-Out Assignments                                         ; Off                ; Off                ;
; Synchronization Register Chain Length                                      ; 2                  ; 2                  ;
; PowerPlay Power Optimization                                               ; Normal compilation ; Normal compilation ;
; HDL message level                                                          ; Level2             ; Level2             ;
; Suppress Register Optimization Related Messages                            ; Off                ; Off                ;
; Number of Removed Registers Reported in Synthesis Report                   ; 5000               ; 5000               ;
; Number of Swept Nodes Reported in Synthesis Report                         ; 5000               ; 5000               ;
; Number of Inverted Registers Reported in Synthesis Report                  ; 100                ; 100                ;
; Clock MUX Protection                                                       ; On                 ; On                 ;
; Auto Gated Clock Conversion                                                ; Off                ; Off                ;
; Block Design Naming                                                        ; Auto               ; Auto               ;
; SDC constraint protection                                                  ; Off                ; Off                ;
; Synthesis Effort                                                           ; Auto               ; Auto               ;
; Shift Register Replacement - Allow Asynchronous Clear Signal               ; On                 ; On                 ;
; Pre-Mapping Resynthesis Optimization                                       ; Off                ; Off                ;
; Analysis & Synthesis Message Level                                         ; Medium             ; Medium             ;
; Disable Register Merging Across Hierarchies                                ; Auto               ; Auto               ;
; Resource Aware Inference For Block RAM                                     ; On                 ; On                 ;
; Synthesis Seed                                                             ; 1                  ; 1                  ;
+----------------------------------------------------------------------------+--------------------+--------------------+


Parallel compilation was disabled, but you have multiple processors available. Enable parallel compilation to reduce compilation time.
+-------------------------------------+
; Parallel Compilation                ;
+----------------------------+--------+
; Processors                 ; Number ;
+----------------------------+--------+
; Number detected on machine ; 2      ;
; Maximum allowed            ; 1      ;
+----------------------------+--------+


+----------------------------------------------------------------------------------------------------------------------------------------------------------------------+
; Analysis & Synthesis Source Files Read                                                                                                                               ;
+--------------------------------------------+-----------------+------------------------+--------------------------------------------------------------------+---------+
; File Name with User-Entered Path           ; Used in Netlist ; File Type              ; File Name with Absolute Path                                       ; Library ;
+--------------------------------------------+-----------------+------------------------+--------------------------------------------------------------------+---------+
; ../digital-systems-lab-02/ssd.v            ; yes             ; User Verilog HDL File  ; C:/Users/DLD lab 8/Desktop/digital-systems-lab-02/ssd.v            ;         ;
; ../digital-systems-lab-02/port_num_shr.v   ; yes             ; User Verilog HDL File  ; C:/Users/DLD lab 8/Desktop/digital-systems-lab-02/port_num_shr.v   ;         ;
; ../digital-systems-lab-02/port_cnt.v       ; yes             ; User Verilog HDL File  ; C:/Users/DLD lab 8/Desktop/digital-systems-lab-02/port_cnt.v       ;         ;
; ../digital-systems-lab-02/one_pulser.v     ; yes             ; User Verilog HDL File  ; C:/Users/DLD lab 8/Desktop/digital-systems-lab-02/one_pulser.v     ;         ;
; ../digital-systems-lab-02/mssd.v           ; yes             ; User Verilog HDL File  ; C:/Users/DLD lab 8/Desktop/digital-systems-lab-02/mssd.v           ;         ;
; ../digital-systems-lab-02/demux.v          ; yes             ; User Verilog HDL File  ; C:/Users/DLD lab 8/Desktop/digital-systems-lab-02/demux.v          ;         ;
; ../digital-systems-lab-02/datapath.v       ; yes             ; User Verilog HDL File  ; C:/Users/DLD lab 8/Desktop/digital-systems-lab-02/datapath.v       ;         ;
; ../digital-systems-lab-02/data_trans_cnt.v ; yes             ; User Verilog HDL File  ; C:/Users/DLD lab 8/Desktop/digital-systems-lab-02/data_trans_cnt.v ;         ;
; ../digital-systems-lab-02/data_num_shr.v   ; yes             ; User Verilog HDL File  ; C:/Users/DLD lab 8/Desktop/digital-systems-lab-02/data_num_shr.v   ;         ;
; ../digital-systems-lab-02/data_num_cnt.v   ; yes             ; User Verilog HDL File  ; C:/Users/DLD lab 8/Desktop/digital-systems-lab-02/data_num_cnt.v   ;         ;
; ../digital-systems-lab-02/controller.v     ; yes             ; User Verilog HDL File  ; C:/Users/DLD lab 8/Desktop/digital-systems-lab-02/controller.v     ;         ;
+--------------------------------------------+-----------------+------------------------+--------------------------------------------------------------------+---------+


+-----------------------------------------------------+
; Analysis & Synthesis Resource Usage Summary         ;
+---------------------------------------------+-------+
; Resource                                    ; Usage ;
+---------------------------------------------+-------+
; Estimated Total logic elements              ; 44    ;
;                                             ;       ;
; Total combinational functions               ; 43    ;
; Logic element usage by number of LUT inputs ;       ;
;     -- 4 input functions                    ; 19    ;
;     -- 3 input functions                    ; 9     ;
;     -- <=2 input functions                  ; 15    ;
;                                             ;       ;
; Logic elements by mode                      ;       ;
;     -- normal mode                          ; 39    ;
;     -- arithmetic mode                      ; 4     ;
;                                             ;       ;
; Total registers                             ; 19    ;
;     -- Dedicated logic registers            ; 19    ;
;     -- I/O registers                        ; 0     ;
;                                             ;       ;
; I/O pins                                    ; 17    ;
; Embedded Multiplier 9-bit elements          ; 0     ;
; Maximum fan-out                             ; 19    ;
; Total fan-out                               ; 218   ;
; Average fan-out                             ; 2.76  ;
+---------------------------------------------+-------+


+------------------------------------------------------------------------------------------------------------------------------------------------------------------------------------------------------------------+
; Analysis & Synthesis Resource Utilization by Entity                                                                                                                                                              ;
+-----------------------------------+-------------------+--------------+-------------+--------------+---------+-----------+------+--------------+---------------------------------------------------+--------------+
; Compilation Hierarchy Node        ; LC Combinationals ; LC Registers ; Memory Bits ; DSP Elements ; DSP 9x9 ; DSP 18x18 ; Pins ; Virtual Pins ; Full Hierarchy Name                               ; Library Name ;
+-----------------------------------+-------------------+--------------+-------------+--------------+---------+-----------+------+--------------+---------------------------------------------------+--------------+
; |MSSD                             ; 43 (0)            ; 19 (0)       ; 0           ; 0            ; 0       ; 0         ; 17   ; 0            ; |MSSD                                             ;              ;
;    |Controller:controller|        ; 7 (7)             ; 4 (4)        ; 0           ; 0            ; 0       ; 0         ; 0    ; 0            ; |MSSD|Controller:controller                       ;              ;
;    |DataPath:datapath|            ; 34 (0)            ; 13 (0)       ; 0           ; 0            ; 0       ; 0         ; 0    ; 0            ; |MSSD|DataPath:datapath                           ;              ;
;       |DataNumCnt:cntDataNum|     ; 3 (3)             ; 2 (2)        ; 0           ; 0            ; 0       ; 0         ; 0    ; 0            ; |MSSD|DataPath:datapath|DataNumCnt:cntDataNum     ;              ;
;       |DataNumShr:shrDataNum|     ; 2 (2)             ; 3 (3)        ; 0           ; 0            ; 0       ; 0         ; 0    ; 0            ; |MSSD|DataPath:datapath|DataNumShr:shrDataNum     ;              ;
;       |DataTransCnt:cntDataTrans| ; 14 (14)           ; 5 (5)        ; 0           ; 0            ; 0       ; 0         ; 0    ; 0            ; |MSSD|DataPath:datapath|DataTransCnt:cntDataTrans ;              ;
;       |Demux:demux|               ; 4 (4)             ; 0 (0)        ; 0           ; 0            ; 0       ; 0         ; 0    ; 0            ; |MSSD|DataPath:datapath|Demux:demux               ;              ;
;       |PortCnt:cntPort|           ; 1 (1)             ; 1 (1)        ; 0           ; 0            ; 0       ; 0         ; 0    ; 0            ; |MSSD|DataPath:datapath|PortCnt:cntPort           ;              ;
;       |PortNumShr:shrPort|        ; 3 (3)             ; 2 (2)        ; 0           ; 0            ; 0       ; 0         ; 0    ; 0            ; |MSSD|DataPath:datapath|PortNumShr:shrPort        ;              ;
;       |SSD:ssd|                   ; 7 (7)             ; 0 (0)        ; 0           ; 0            ; 0       ; 0         ; 0    ; 0            ; |MSSD|DataPath:datapath|SSD:ssd                   ;              ;
;    |OnePulser:onepulser|          ; 2 (2)             ; 2 (2)        ; 0           ; 0            ; 0       ; 0         ; 0    ; 0            ; |MSSD|OnePulser:onepulser                         ;              ;
+-----------------------------------+-------------------+--------------+-------------+--------------+---------+-----------+------+--------------+---------------------------------------------------+--------------+
Note: For table entries with two numbers listed, the numbers in parentheses indicate the number of resources of the given type used by the specific entity alone. The numbers listed outside of parentheses indicate the total resources of the given type used by the specific entity and all of its sub-entities in the hierarchy.


Encoding Type:  One-Hot
+----------------------------------------------+
; State Machine - |MSSD|OnePulser:onepulser|ps ;
+------+------+------+-------------------------+
; Name ; ps.A ; ps.C ; ps.B                    ;
+------+------+------+-------------------------+
; ps.A ; 0    ; 0    ; 0                       ;
; ps.B ; 1    ; 0    ; 1                       ;
; ps.C ; 1    ; 1    ; 0                       ;
+------+------+------+-------------------------+


Encoding Type:  One-Hot
+----------------------------------------------------------+
; State Machine - |MSSD|Controller:controller|ps           ;
+------------+---------+------------+------------+---------+
; Name       ; ps.SHOW ; ps.DATANUM ; ps.GETPORT ; ps.IDLE ;
+------------+---------+------------+------------+---------+
; ps.IDLE    ; 0       ; 0          ; 0          ; 0       ;
; ps.GETPORT ; 0       ; 0          ; 1          ; 1       ;
; ps.DATANUM ; 0       ; 1          ; 0          ; 1       ;
; ps.SHOW    ; 1       ; 0          ; 0          ; 1       ;
+------------+---------+------------+------------+---------+


+-------------------------------------------------------------------------------------------+
; Registers Removed During Synthesis                                                        ;
+--------------------------------------------------+----------------------------------------+
; Register name                                    ; Reason for Removal                     ;
+--------------------------------------------------+----------------------------------------+
; DataPath:datapath|PortCnt:cntPort|count[1]       ; Stuck at GND due to stuck port data_in ;
; DataPath:datapath|DataNumCnt:cntDataNum|count[2] ; Stuck at GND due to stuck port data_in ;
; Controller:controller|ps~4                       ; Lost fanout                            ;
; Controller:controller|ps~5                       ; Lost fanout                            ;
; OnePulser:onepulser|ps.C                         ; Lost fanout                            ;
; Total Number of Removed Registers = 5            ;                                        ;
+--------------------------------------------------+----------------------------------------+


+------------------------------------------------------+
; General Register Statistics                          ;
+----------------------------------------------+-------+
; Statistic                                    ; Value ;
+----------------------------------------------+-------+
; Total registers                              ; 19    ;
; Number of registers using Synchronous Clear  ; 1     ;
; Number of registers using Synchronous Load   ; 0     ;
; Number of registers using Asynchronous Clear ; 19    ;
; Number of registers using Asynchronous Load  ; 0     ;
; Number of registers using Clock Enable       ; 15    ;
; Number of registers using Preset             ; 0     ;
+----------------------------------------------+-------+


+----------------------------------------------------------------+
; Inverted Register Statistics                                   ;
+------------------------------------------------------+---------+
; Inverted Register                                    ; Fan out ;
+------------------------------------------------------+---------+
; DataPath:datapath|DataTransCnt:cntDataTrans|count[0] ; 9       ;
; DataPath:datapath|DataTransCnt:cntDataTrans|count[1] ; 10      ;
; DataPath:datapath|DataTransCnt:cntDataTrans|count[2] ; 9       ;
; DataPath:datapath|DataTransCnt:cntDataTrans|count[3] ; 9       ;
; DataPath:datapath|DataTransCnt:cntDataTrans|count[4] ; 3       ;
; Total number of inverted registers = 5               ;         ;
+------------------------------------------------------+---------+


+--------------------------------------------------------------------------------------------------------------------------------------------------------------------------+
; Multiplexer Restructuring Statistics (Restructuring Performed)                                                                                                           ;
+--------------------+-----------+---------------+----------------------+------------------------+------------+------------------------------------------------------------+
; Multiplexer Inputs ; Bus Width ; Baseline Area ; Area if Restructured ; Saving if Restructured ; Registered ; Example Multiplexer Output                                 ;
+--------------------+-----------+---------------+----------------------+------------------------+------------+------------------------------------------------------------+
; 3:1                ; 2 bits    ; 4 LEs         ; 2 LEs                ; 2 LEs                  ; Yes        ; |MSSD|DataPath:datapath|PortNumShr:shrPort|port_num[1]     ;
; 3:1                ; 3 bits    ; 6 LEs         ; 3 LEs                ; 3 LEs                  ; Yes        ; |MSSD|DataPath:datapath|DataNumShr:shrDataNum|num_data[2]  ;
; 4:1                ; 2 bits    ; 4 LEs         ; 2 LEs                ; 2 LEs                  ; Yes        ; |MSSD|DataPath:datapath|PortCnt:cntPort|count[0]           ;
; 4:1                ; 3 bits    ; 6 LEs         ; 3 LEs                ; 3 LEs                  ; Yes        ; |MSSD|DataPath:datapath|DataNumCnt:cntDataNum|count[0]     ;
; 5:1                ; 4 bits    ; 12 LEs        ; 8 LEs                ; 4 LEs                  ; Yes        ; |MSSD|DataPath:datapath|DataTransCnt:cntDataTrans|count[3] ;
+--------------------+-----------+---------------+----------------------+------------------------+------------+------------------------------------------------------------+


+--------------------------------------------------------------------+
; Parameter Settings for User Entity Instance: Controller:controller ;
+----------------+-------+-------------------------------------------+
; Parameter Name ; Value ; Type                                      ;
+----------------+-------+-------------------------------------------+
; IDLE           ; 00    ; Unsigned Binary                           ;
; GETPORT        ; 01    ; Unsigned Binary                           ;
; DATANUM        ; 10    ; Unsigned Binary                           ;
; SHOW           ; 11    ; Unsigned Binary                           ;
+----------------+-------+-------------------------------------------+
Note: In order to hide this table in the UI and the text report file, please set the "Show Parameter Settings in Synthesis Report" option in "Analysis and Synthesis Settings -> More Settings" to "Off".


+------------------------------------------------------------------+
; Parameter Settings for User Entity Instance: OnePulser:onepulser ;
+----------------+-------+-----------------------------------------+
; Parameter Name ; Value ; Type                                    ;
+----------------+-------+-----------------------------------------+
; A              ; 00    ; Unsigned Binary                         ;
; B              ; 01    ; Unsigned Binary                         ;
; C              ; 10    ; Unsigned Binary                         ;
+----------------+-------+-----------------------------------------+
Note: In order to hide this table in the UI and the text report file, please set the "Show Parameter Settings in Synthesis Report" option in "Analysis and Synthesis Settings -> More Settings" to "Off".


+-----------------------------------------------------------------------------------------------------------------------+
; Port Connectivity Checks: "DataPath:datapath|DataNumShr:shrDataNum"                                                   ;
+-------------+--------+----------+-------------------------------------------------------------------------------------+
; Port        ; Type   ; Severity ; Details                                                                             ;
+-------------+--------+----------+-------------------------------------------------------------------------------------+
; num_data[3] ; Output ; Info     ; Connected to dangling logic. Logic that only feeds a dangling port will be removed. ;
+-------------+--------+----------+-------------------------------------------------------------------------------------+


+----------------------------------------------------------------------------------------------------------------------+
; Port Connectivity Checks: "DataPath:datapath"                                                                        ;
+------------+--------+----------+-------------------------------------------------------------------------------------+
; Port       ; Type   ; Severity ; Details                                                                             ;
+------------+--------+----------+-------------------------------------------------------------------------------------+
; portNumOut ; Output ; Info     ; Connected to dangling logic. Logic that only feeds a dangling port will be removed. ;
+------------+--------+----------+-------------------------------------------------------------------------------------+


+-------------------------------+
; Elapsed Time Per Partition    ;
+----------------+--------------+
; Partition Name ; Elapsed Time ;
+----------------+--------------+
; Top            ; 00:00:00     ;
+----------------+--------------+


+-------------------------------+
; Analysis & Synthesis Messages ;
+-------------------------------+
Info: *******************************************************************
Info: Running Quartus II 64-Bit Analysis & Synthesis
    Info: Version 12.1 Build 177 11/07/2012 SJ Web Edition
    Info: Processing started: Sun Nov 03 21:22:52 2024
Info: Command: quartus_map --read_settings_files=on --write_settings_files=off MSSD -c MSSD
Warning (20028): Parallel compilation is not licensed and has been disabled
Info (12021): Found 1 design units, including 1 entities, in source file /users/dld lab 8/desktop/digital-systems-lab-02/ssd.v
    Info (12023): Found entity 1: SSD
Info (12021): Found 1 design units, including 1 entities, in source file /users/dld lab 8/desktop/digital-systems-lab-02/port_num_shr.v
    Info (12023): Found entity 1: PortNumShr
Info (12021): Found 1 design units, including 1 entities, in source file /users/dld lab 8/desktop/digital-systems-lab-02/port_cnt.v
    Info (12023): Found entity 1: PortCnt
Info (12021): Found 1 design units, including 1 entities, in source file /users/dld lab 8/desktop/digital-systems-lab-02/one_pulser.v
    Info (12023): Found entity 1: OnePulser
Info (12021): Found 1 design units, including 1 entities, in source file /users/dld lab 8/desktop/digital-systems-lab-02/mssd.v
    Info (12023): Found entity 1: MSSD
Info (12021): Found 1 design units, including 1 entities, in source file /users/dld lab 8/desktop/digital-systems-lab-02/demux.v
    Info (12023): Found entity 1: Demux
Info (12021): Found 1 design units, including 1 entities, in source file /users/dld lab 8/desktop/digital-systems-lab-02/datapath.v
    Info (12023): Found entity 1: DataPath
Info (12021): Found 1 design units, including 1 entities, in source file /users/dld lab 8/desktop/digital-systems-lab-02/data_trans_cnt.v
    Info (12023): Found entity 1: DataTransCnt
Info (12021): Found 1 design units, including 1 entities, in source file /users/dld lab 8/desktop/digital-systems-lab-02/data_num_shr.v
    Info (12023): Found entity 1: DataNumShr
Info (12021): Found 1 design units, including 1 entities, in source file /users/dld lab 8/desktop/digital-systems-lab-02/data_num_cnt.v
    Info (12023): Found entity 1: DataNumCnt
Info (12021): Found 1 design units, including 1 entities, in source file /users/dld lab 8/desktop/digital-systems-lab-02/controller.v
    Info (12023): Found entity 1: Controller
Info (12127): Elaborating entity "MSSD" for the top level hierarchy
Info (12128): Elaborating entity "DataPath" for hierarchy "DataPath:datapath"
Info (12128): Elaborating entity "PortNumShr" for hierarchy "DataPath:datapath|PortNumShr:shrPort"
Info (12128): Elaborating entity "Demux" for hierarchy "DataPath:datapath|Demux:demux"
Info (12128): Elaborating entity "PortCnt" for hierarchy "DataPath:datapath|PortCnt:cntPort"
Warning (10230): Verilog HDL assignment warning at port_cnt.v(7): truncated value with size 32 to match size of target (1)
Warning (10230): Verilog HDL assignment warning at port_cnt.v(13): truncated value with size 32 to match size of target (2)
Info (12128): Elaborating entity "DataNumCnt" for hierarchy "DataPath:datapath|DataNumCnt:cntDataNum"
Warning (10230): Verilog HDL assignment warning at data_num_cnt.v(7): truncated value with size 32 to match size of target (1)
Warning (10230): Verilog HDL assignment warning at data_num_cnt.v(13): truncated value with size 32 to match size of target (3)
Info (12128): Elaborating entity "DataNumShr" for hierarchy "DataPath:datapath|DataNumShr:shrDataNum"
Info (12128): Elaborating entity "DataTransCnt" for hierarchy "DataPath:datapath|DataTransCnt:cntDataTrans"
Warning (10230): Verilog HDL assignment warning at data_trans_cnt.v(9): truncated value with size 32 to match size of target (1)
Warning (10230): Verilog HDL assignment warning at data_trans_cnt.v(17): truncated value with size 32 to match size of target (5)
Info (12128): Elaborating entity "SSD" for hierarchy "DataPath:datapath|SSD:ssd"
Info (12128): Elaborating entity "Controller" for hierarchy "Controller:controller"
Info (12128): Elaborating entity "OnePulser" for hierarchy "OnePulser:onepulser"
Info (13000): Registers with preset signals will power-up high
Info (13003): DEV_CLRn pin will set, and not reset, register with preset signal due to NOT Gate Push-Back
Info (17049): 3 registers lost all their fanouts during netlist optimizations.
Info (16010): Generating hard_block partition "hard_block:auto_generated_inst"
    Info (16011): Adding 0 node(s), including 0 DDIO, 0 PLL, 0 transceiver and 0 LCELL
Info (21057): Implemented 62 device resources after synthesis - the final resource count might be different
    Info (21058): Implemented 4 input pins
    Info (21059): Implemented 13 output pins
    Info (21061): Implemented 45 logic cells
Info: Quartus II 64-Bit Analysis & Synthesis was successful. 0 errors, 7 warnings
    Info: Peak virtual memory: 437 megabytes
    Info: Processing ended: Sun Nov 03 21:22:54 2024
    Info: Elapsed time: 00:00:02
    Info: Total CPU time (on all processors): 00:00:02


